#-----------------------------------------------------------
# Vivado v2017.2 (64-bit)
# SW Build 1909853 on Thu Jun 15 18:39:09 MDT 2017
# IP Build 1909766 on Thu Jun 15 19:58:00 MDT 2017
# Start of session at: Thu May 28 13:20:17 2020
# Process ID: 13412
# Current directory: C:/Users/Nader/Downloads/ECS527U_Lab1-ALU
# Command line: vivado.exe -gui_launcher_event rodinguilauncherevent16916 C:\Users\Nader\Downloads\ECS527U_Lab1-ALU\ECS527U_Lab1-ALU.xpr
# Log file: C:/Users/Nader/Downloads/ECS527U_Lab1-ALU/vivado.log
# Journal file: C:/Users/Nader/Downloads/ECS527U_Lab1-ALU\vivado.jou
#-----------------------------------------------------------
start_gui
open_project C:/Users/Nader/Downloads/ECS527U_Lab1-ALU/ECS527U_Lab1-ALU.xpr
INFO: [Project 1-313] Project file moved from 'C:/Users/mtang/Documents/ECS527U/ECS527U_Lab1-ALU' since last save.
Scanning sources...
Finished scanning sources
CRITICAL WARNING: [Project 1-505] Unrecognized Option Name CompiledLibDirXcelium
CRITICAL WARNING: [Project 1-505] Unrecognized Option Name SimTypes
WARNING: [Project 1-231] Project 'ECS527U_Lab1-ALU.xpr' was created with a future version and may or may not perform reliably with this version of Vivado. It has been opened in read-only mode for the protection of unrecognized data. Use 'File | Save Project As...' if you wish to alter a copy of the project.
INFO: [IP_Flow 19-234] Refreshing IP repositories
INFO: [IP_Flow 19-1704] No user IP repositories specified
INFO: [IP_Flow 19-2313] Loaded Vivado IP repository 'C:/Xilinx/Vivado/2017.2/data/ip'.
open_project: Time (s): cpu = 00:00:12 ; elapsed = 00:00:06 . Memory (MB): peak = 790.316 ; gain = 110.082
update_compile_order -fileset sources_1
exit
INFO: [Common 17-206] Exiting Vivado at Fri May 29 17:35:06 2020...
